Build started 20/01/2015 12:20:43 AM.
     1>Project "C:\Users\Orcworm\Source\Repos\SCC210\SCC210_2.vcxproj" on node 2 (Build target(s)).
     1>ClCompile:
         C:\Program Files (x86)\Microsoft Visual Studio 11.0\VC\bin\CL.exe /c /I"H:\Year 2\SCC210_2\DevIL-SDK-x86-1.7.8\include" /I"H:\Year 2\SCC210_2\glut_files\include" /I"Y:\Year 2\SCC210_2\glut_files\include" /I"Y:\Year 2\SCC210_2\DevIL-SDK-x86-1.7.8\include" /ZI /nologo /W3 /WX- /Od /Oy- /D WIN32 /D _DEBUG /D _CONSOLE /D _UNICODE /D UNICODE /Gm /EHsc /RTC1 /MDd /GS /fp:precise /Zc:wchar_t /Zc:forScope /Fo"Debug\\" /Fd"Debug\vc110.pdb" /Gd /TP /analyze- /errorReport:prompt main.cpp
         main.cpp
     1>c:\users\orcworm\source\repos\scc210\main.cpp(5): fatal error C1021: invalid preprocessor command 'test'
     1>Done Building Project "C:\Users\Orcworm\Source\Repos\SCC210\SCC210_2.vcxproj" (Build target(s)) -- FAILED.

Build FAILED.

Time Elapsed 00:00:01.95
